2026-07-21 11:34:29,888 - __main__ - INFO - ============================================================
2026-07-21 11:34:29,889 - __main__ - INFO - 🚀 LABTRADE - PAPER TRADING SYSTEM
2026-07-21 11:34:29,889 - __main__ - INFO - ============================================================
2026-07-21 11:34:29,889 - __main__ - INFO - Symbol: BTCUSDT
2026-07-21 11:34:29,890 - __main__ - INFO - Timeframe: 1h
2026-07-21 11:34:29,890 - __main__ - INFO - Duration: 24 hours
2026-07-21 11:34:29,890 - __main__ - INFO - Mode: DRY-RUN
2026-07-21 11:34:29,890 - __main__ - INFO - ============================================================
2026-07-21 11:34:29,892 - src.strategies.sma_crossover - INFO - Strategia Triple Confirmation inizializzata:
2026-07-21 11:34:29,892 - src.strategies.sma_crossover - INFO -   SMA: Fast=25, Slow=30
2026-07-21 11:34:29,892 - src.strategies.sma_crossover - INFO -   ADX: Period=14, Threshold=25
2026-07-21 11:34:29,892 - src.strategies.sma_crossover - INFO -   Volume: Multiplier=1.5x
2026-07-21 11:34:29,893 - src.risk.risk_manager - INFO - Risk Manager inizializzato: Risk=2.0%, ATR=14, SL=1.5x, RR=2.0
2026-07-21 11:34:29,893 - src.core.live_executor - INFO - Live Executor inizializzato: BTCUSDT 1h, 24h, Dry-run=True
2026-07-21 11:34:29,894 - src.core.live_executor - INFO - 🚀 Avvio Live Executor per 24 ore
2026-07-21 11:34:29,895 - src.core.live_executor - INFO - 🔄 Inizializzazione buffer candele...
2026-07-21 11:34:29,895 - src.core.live_executor - INFO - 📥 Download 50 candele storiche...
2026-07-21 11:34:30,458 - src.core.live_executor - INFO - ✓ Scaricate 50 candele
2026-07-21 11:34:30,458 - src.core.live_executor - INFO - ✓ Buffer inizializzato con 50 candele
2026-07-21 11:34:30,763 - src.core.live_executor - INFO - 📊 Prezzo corrente: $66274.80
2026-07-21 11:34:39,680 - src.core.live_executor - INFO - 📈 SMA25: $65273.13, SMA30: $65163.47, ATR: $270.89, ADX: 36.4
2026-07-21 11:34:39,680 - src.core.live_executor - INFO - 📊 RSI: 69.6, ADX: 36.4, Vol: 68891/70249, 4H: NEUTRAL
2026-07-21 11:34:39,681 - src.core.live_executor - INFO - ⚠️ BUY rifiutato (punteggio: 2/4). Servono almeno 3/4 filtri.
2026-07-21 11:34:39,681 - src.core.live_executor - INFO -    ✓ RSI 69.6 < 70
2026-07-21 11:34:39,681 - src.core.live_executor - INFO -    ✓ ADX 36.4 >= 25
2026-07-21 11:34:39,681 - src.core.live_executor - INFO -    ✗ Volume 68891 < 84299
2026-07-21 11:34:39,681 - src.core.live_executor - INFO -    ✗ Trend 4h: NEUTRAL (contrario)
2026-07-21 11:34:39,682 - src.core.live_executor - INFO - ⏳ Attendo 3600s per prossima candela...
2026-07-21 12:34:31,873 - src.core.live_executor - INFO - 📊 Prezzo corrente: $66341.20
2026-07-21 12:34:31,905 - src.core.live_executor - INFO - 📈 SMA25: $65359.18, SMA30: $65220.09, ATR: $259.08, ADX: 40.0
2026-07-21 12:34:31,905 - src.core.live_executor - INFO - 📊 RSI: 70.9, ADX: 40.0, Vol: 37923/67109, 4H: NEUTRAL
2026-07-21 12:34:31,905 - src.core.live_executor - INFO - ⚠️ BUY rifiutato (punteggio: 1/4). Servono almeno 3/4 filtri.
2026-07-21 12:34:31,906 - src.core.live_executor - INFO -    ✗ RSI 70.9 >= 70
2026-07-21 12:34:31,906 - src.core.live_executor - INFO -    ✓ ADX 40.0 >= 25
2026-07-21 12:34:31,906 - src.core.live_executor - INFO -    ✗ Volume 37923 < 80531
2026-07-21 12:34:31,906 - src.core.live_executor - INFO -    ✗ Trend 4h: NEUTRAL (contrario)
2026-07-21 12:34:31,906 - src.core.live_executor - INFO - ⏳ Attendo 3600s per prossima candela...
2026-07-21 12:54:26,953 - __main__ - INFO - ============================================================
2026-07-21 12:54:26,954 - __main__ - INFO - 🚀 LABTRADE - PAPER TRADING SYSTEM
2026-07-21 12:54:26,954 - __main__ - INFO - ============================================================
2026-07-21 12:54:26,954 - __main__ - INFO - Symbol: BTCUSDT
2026-07-21 12:54:26,954 - __main__ - INFO - Timeframe: 1h
2026-07-21 12:54:26,954 - __main__ - INFO - Duration: 24 hours
2026-07-21 12:54:26,954 - __main__ - INFO - Mode: DRY-RUN
2026-07-21 12:54:26,954 - __main__ - INFO - ============================================================
2026-07-21 12:54:26,955 - src.strategies.sma_crossover - INFO - Strategia Triple Confirmation inizializzata:
2026-07-21 12:54:26,955 - src.strategies.sma_crossover - INFO -   SMA: Fast=25, Slow=30
2026-07-21 12:54:26,955 - src.strategies.sma_crossover - INFO -   ADX: Period=14, Threshold=25
2026-07-21 12:54:26,955 - src.strategies.sma_crossover - INFO -   Volume: Multiplier=1.5x
2026-07-21 12:54:26,955 - src.risk.risk_manager - INFO - Risk Manager inizializzato: Risk=2.0%, ATR=14, SL=1.5x, RR=2.0
2026-07-21 12:54:26,955 - src.core.live_executor - INFO - Live Executor inizializzato: BTCUSDT 1h, 24h, Dry-run=True
2026-07-21 12:54:26,955 - src.core.live_executor - INFO - 🚀 Avvio Live Executor per 24 ore
2026-07-21 12:54:26,956 - src.core.live_executor - INFO - 🔄 Inizializzazione buffer candele...
2026-07-21 12:54:26,956 - src.core.live_executor - INFO - 📥 Download 50 candele storiche...
2026-07-21 12:54:27,518 - src.core.live_executor - INFO - ✓ Scaricate 50 candele
2026-07-21 12:54:27,518 - src.core.live_executor - INFO - ✓ Buffer inizializzato con 50 candele
2026-07-21 12:54:28,213 - src.core.live_executor - INFO - 📊 Prezzo corrente: $66179.20
2026-07-21 12:54:28,570 - src.core.live_executor - INFO - 📈 SMA25: $65351.78, SMA30: $65213.93, ATR: $267.57, ADX: 40.0
2026-07-21 12:54:28,571 - src.core.live_executor - INFO - 📊 RSI: 67.5, ADX: 40.0, Vol: 47081/68786, 4H: NEUTRAL
2026-07-21 12:54:28,571 - src.core.live_executor - INFO - ⚠️ BUY rifiutato (punteggio: 2/4). Servono almeno 3/4 filtri.
2026-07-21 12:54:28,571 - src.core.live_executor - INFO -    ✓ RSI 67.5 < 70
2026-07-21 12:54:28,572 - src.core.live_executor - INFO -    ✓ ADX 40.0 >= 25
2026-07-21 12:54:28,572 - src.core.live_executor - INFO -    ✗ Volume 47081 < 82543
2026-07-21 12:54:28,572 - src.core.live_executor - INFO -    ✗ Trend 4h: NEUTRAL (contrario)
2026-07-21 12:54:28,572 - src.core.live_executor - INFO - ⏳ Attendo 3600s per prossima candela...
